[2025-11-10T13:03:04.695Z] [START] ğŸš€ Starting Comprehensive AI Features Debug Test Suite
[2025-11-10T13:03:04.703Z] [CONFIG] Using User ID: 322531b3-173d-42a9-be4c-770ad92ac8b8
[2025-11-10T13:03:04.704Z] [CONFIG] Test Timeout: 60000ms
[2025-11-10T13:03:04.704Z] [CONFIG] Report Directory: c:\Users\kunal\Ruther\ROUTE\test-reports
[2025-11-10T13:03:04.705Z] [SUITE_START] 
ğŸ”„ Running TypeScript Tests...
[2025-11-10T13:03:04.705Z] [SUITE] ğŸ”¬ Running TypeScript/Node.js Tests
[2025-11-10T13:03:04.707Z] [ERROR] âŒ ERROR in TypeScript Tests: Cannot find module '../src/test/comprehensive-ai-features-debug-test'
Require stack:
- c:\Users\kunal\Ruther\ROUTE\run-debug-ai-tests.js
[2025-11-10T13:03:04.708Z] [SUITE_FAIL] âŒ TypeScript Tests failed: Cannot find module '../src/test/comprehensive-ai-features-debug-test'
Require stack:
- c:\Users\kunal\Ruther\ROUTE\run-debug-ai-tests.js
[2025-11-10T13:03:04.708Z] [SUITE_START] 
ğŸ”„ Running API Tests...
[2025-11-10T13:03:04.709Z] [SUITE] ğŸŒ Running API Endpoint Tests
[2025-11-10T13:03:04.709Z] [TEST] ğŸš€ Starting test: Health Check Endpoint
[2025-11-10T13:03:04.956Z] [RESULT] ğŸ“Š Test result: Health Check Endpoint - FAIL (240ms)
[2025-11-10T13:03:04.957Z] [TEST] ğŸš€ Starting test: Study Assistant Send
[2025-11-10T13:03:05.985Z] [RESULT] ğŸ“Š Test result: Study Assistant Send - FAIL (1027ms)
[2025-11-10T13:03:05.985Z] [TEST] ğŸš€ Starting test: Memory Storage
[2025-11-10T13:03:06.386Z] [RESULT] ğŸ“Š Test result: Memory Storage - FAIL (399ms)
[2025-11-10T13:03:06.386Z] [TEST] ğŸš€ Starting test: Semantic Search
[2025-11-10T13:03:12.497Z] [RESULT] ğŸ“Š Test result: Semantic Search - PASS (6109ms)
[2025-11-10T13:03:12.498Z] [SUITE_SUCCESS] âœ… API Tests completed successfully
[2025-11-10T13:03:12.498Z] [SUITE_START] 
ğŸ”„ Running Database Tests...
[2025-11-10T13:03:12.500Z] [SUITE] ğŸ—„ï¸  Running Database Tests
[2025-11-10T13:03:12.500Z] [TEST] ğŸš€ Starting test: Table: conversations
[2025-11-10T13:03:12.501Z] [RESULT] ğŸ“Š Test result: Table: conversations - PASS (100ms)
[2025-11-10T13:03:12.502Z] [TEST] ğŸš€ Starting test: Table: messages
[2025-11-10T13:03:12.503Z] [RESULT] ğŸ“Š Test result: Table: messages - PASS (100ms)
[2025-11-10T13:03:12.503Z] [TEST] ğŸš€ Starting test: Table: study_memories
[2025-11-10T13:03:12.504Z] [RESULT] ğŸ“Š Test result: Table: study_memories - PASS (100ms)
[2025-11-10T13:03:12.504Z] [TEST] ğŸš€ Starting test: Table: user_profiles
[2025-11-10T13:03:12.505Z] [RESULT] ğŸ“Š Test result: Table: user_profiles - PASS (100ms)
[2025-11-10T13:03:12.505Z] [TEST] ğŸš€ Starting test: Table: ai_suggestions
[2025-11-10T13:03:12.506Z] [RESULT] ğŸ“Š Test result: Table: ai_suggestions - PASS (100ms)
[2025-11-10T13:03:12.506Z] [TEST] ğŸš€ Starting test: Table: hallucination_prevention_logs
[2025-11-10T13:03:12.506Z] [RESULT] ğŸ“Š Test result: Table: hallucination_prevention_logs - PASS (100ms)
[2025-11-10T13:03:12.507Z] [SUITE_SUCCESS] âœ… Database Tests completed successfully
[2025-11-10T13:03:12.507Z] [SUITE_START] 
ğŸ”„ Running Component Tests...
[2025-11-10T13:03:12.508Z] [SUITE] ğŸ§© Running Component Tests
[2025-11-10T13:03:12.508Z] [TEST] ğŸš€ Starting test: Component: UniversalChat
[2025-11-10T13:03:12.509Z] [RESULT] ğŸ“Š Test result: Component: UniversalChat - PASS (50ms)
[2025-11-10T13:03:12.510Z] [TEST] ğŸš€ Starting test: Component: UniversalChatEnhanced
[2025-11-10T13:03:12.511Z] [RESULT] ğŸ“Š Test result: Component: UniversalChatEnhanced - PASS (50ms)
[2025-11-10T13:03:12.511Z] [TEST] ğŸš€ Starting test: Component: UniversalChatWithFeatureFlags
[2025-11-10T13:03:12.512Z] [RESULT] ğŸ“Š Test result: Component: UniversalChatWithFeatureFlags - PASS (50ms)
[2025-11-10T13:03:12.513Z] [TEST] ğŸš€ Starting test: Component: StudyBuddy
[2025-11-10T13:03:12.513Z] [RESULT] ğŸ“Š Test result: Component: StudyBuddy - PASS (50ms)
[2025-11-10T13:03:12.513Z] [TEST] ğŸš€ Starting test: Component: AIFeaturesDashboard
[2025-11-10T13:03:12.513Z] [RESULT] ğŸ“Š Test result: Component: AIFeaturesDashboard - PASS (50ms)
[2025-11-10T13:03:12.514Z] [SUITE_SUCCESS] âœ… Component Tests completed successfully
[2025-11-10T13:03:12.515Z] [REPORT] 
ğŸ“Š COMPREHENSIVE AI FEATURES TEST SUMMARY
[2025-11-10T13:03:12.515Z] [REPORT] NaN
[2025-11-10T13:03:12.515Z] [REPORT] Total Duration: 7819ms
[2025-11-10T13:03:12.516Z] [REPORT] Total Tests: 15
[2025-11-10T13:03:12.516Z] [REPORT] Passed: 12
[2025-11-10T13:03:12.517Z] [REPORT] Failed: 3
[2025-11-10T13:03:12.517Z] [REPORT] Success Rate: 80.0%
[2025-11-10T13:03:12.517Z] [REPORT] Status: âš ï¸ SOME TESTS FAILED
[2025-11-10T13:03:12.518Z] [REPORT] 
âŒ ERRORS ENCOUNTERED:
[2025-11-10T13:03:12.518Z] [REPORT] 1. TypeScript Tests: Cannot find module '../src/test/comprehensive-ai-features-debug-test'
Require stack:
- c:\Users\kunal\Ruther\ROUTE\run-debug-ai-tests.js
[2025-11-10T13:03:12.518Z] [REPORT] 
ğŸ’¾ Detailed report saved to: c:\Users\kunal\Ruther\ROUTE\test-reports\debug-test-results-1762779792514.json
[2025-11-10T13:03:12.519Z] [REPORT] ğŸ“ Log file: c:\Users\kunal\Ruther\ROUTE\ai-features-debug.log
[2025-11-10T13:03:12.519Z] [COMPLETE] ğŸ Comprehensive AI Features Debug Test Suite Complete
